<?xml version="1.0" encoding="UTF-8"?>
<!-- Generated by org.testng.reporters.JUnitReportReporter -->
<testsuite hostname="DESKTOP-4FFBNMC" failures="0" tests="1" name="executeClasses.ExecuteHomePage" time="37.911" errors="0" timestamp="2023-06-19T22:02:01 IST" skipped="0">
  <testcase classname="executeClasses.ExecuteHomePage" name="verifyTheLogoIsDisplayedOrNot" time="37.911"/>
  <system-out/>
</testsuite> <!-- executeClasses.ExecuteHomePage -->
