<?xml version="1.0" encoding="UTF-8"?>
<!-- Generated by org.testng.reporters.JUnitReportReporter -->
<testsuite hostname="DESKTOP-4FFBNMC" failures="0" tests="1" name="executeClasses.ExecuteHomePage" time="10.721" errors="0" timestamp="2023-06-10T21:31:02 IST" skipped="0">
  <testcase classname="executeClasses.ExecuteHomePage" name="verifyTheLogoIsDisplayedOrNot" time="10.721"/>
  <system-out/>
</testsuite> <!-- executeClasses.ExecuteHomePage -->
