<?xml version="1.0" encoding="UTF-8"?>
<!-- Generated by org.testng.reporters.JUnitReportReporter -->
<testsuite hostname="DESKTOP-4FFBNMC" failures="0" tests="1" name="executeClasses.ExecuteClientsPage" time="10.627" errors="0" timestamp="2023-06-19T22:02:01 IST" skipped="0">
  <testcase classname="executeClasses.ExecuteClientsPage" name="verifyClientSearch" time="10.627"/>
  <system-out/>
</testsuite> <!-- executeClasses.ExecuteClientsPage -->
