<?xml version="1.0" encoding="UTF-8"?>
<!-- Generated by org.testng.reporters.JUnitReportReporter -->
<testsuite hostname="DESKTOP-4FFBNMC" failures="0" tests="1" name="executeClasses.ExecuteLoginPage" time="5.351" errors="0" timestamp="2023-06-10T21:31:02 IST" skipped="0">
  <testcase classname="executeClasses.ExecuteLoginPage" name="verifyTheLoginHeadingIsDisplayedOrNot" time="5.351"/>
  <system-out/>
</testsuite> <!-- executeClasses.ExecuteLoginPage -->
